2018-06-26 14:45:50 INFO  WeatherServlet:46 - doGet()
2018-06-26 14:45:50 INFO  WeatherRetriever:12 - Retrieving Weather Data
2018-06-26 14:45:51 INFO  WeatherServlet:68 - Returning weather data for location Balingen and country de
2018-06-26 14:54:36 INFO  WeatherServlet:46 - doGet()
2018-06-26 14:54:36 INFO  WeatherRetriever:12 - Retrieving Weather Data
2018-06-26 14:54:36 INFO  WeatherServlet:68 - Returning weather data for location albstadt and country de
2018-06-26 14:55:51 INFO  WeatherServlet:46 - doGet()
2018-06-26 14:55:51 INFO  WeatherRetriever:12 - Retrieving Weather Data
2018-06-26 14:55:51 INFO  WeatherServlet:68 - Returning weather data for location albstadt and country de
2018-06-26 14:59:15 INFO  WeatherServlet:46 - doGet()
2018-06-26 14:59:15 INFO  WeatherRetriever:16 - Retrieving Weather Data
2018-06-26 14:59:16 INFO  WeatherServlet:65 - Returning weather data for location albstadt and country de
2018-06-26 15:04:31 INFO  WeatherServlet:46 - doGet()
2018-06-26 15:04:31 INFO  WeatherRetriever:16 - Retrieving Weather Data
2018-06-26 15:04:32 INFO  WeatherServlet:65 - Returning weather data for location  and country 
2018-06-26 15:04:47 INFO  WeatherServlet:46 - doGet()
2018-06-26 15:04:47 INFO  WeatherRetriever:16 - Retrieving Weather Data
2018-06-26 15:04:47 INFO  WeatherServlet:65 - Returning weather data for location  and country 
2018-06-26 15:05:21 INFO  WeatherServlet:46 - doGet()
2018-06-26 15:05:21 INFO  WeatherRetriever:16 - Retrieving Weather Data
2018-06-26 15:05:22 INFO  WeatherServlet:65 - Returning weather data for location  and country 
2018-06-26 15:05:44 INFO  WeatherServlet:46 - doGet()
2018-06-26 15:05:44 INFO  WeatherRetriever:16 - Retrieving Weather Data
2018-06-26 15:05:45 INFO  WeatherServlet:65 - Returning weather data for location  and country 
2018-06-26 15:06:11 INFO  WeatherServlet:46 - doGet()
2018-06-26 15:06:11 INFO  WeatherRetriever:16 - Retrieving Weather Data
2018-06-26 15:06:12 INFO  WeatherServlet:65 - Returning weather data for location  and country 
2018-06-26 15:06:41 INFO  WeatherServlet:46 - doGet()
2018-06-26 15:06:41 INFO  WeatherRetriever:16 - Retrieving Weather Data
2018-06-26 15:06:41 INFO  WeatherServlet:65 - Returning weather data for location  and country 
2018-06-26 15:07:06 INFO  WeatherServlet:46 - doGet()
2018-06-26 15:07:06 INFO  WeatherRetriever:16 - Retrieving Weather Data
2018-06-26 15:07:06 INFO  WeatherServlet:65 - Returning weather data for location  and country 
2018-06-26 15:07:37 INFO  WeatherServlet:46 - doGet()
2018-06-26 15:07:37 INFO  WeatherRetriever:16 - Retrieving Weather Data
2018-06-26 15:07:37 INFO  WeatherServlet:65 - Returning weather data for location  and country 
2018-06-26 15:08:25 INFO  WeatherServlet:46 - doGet()
2018-06-26 15:08:25 INFO  WeatherRetriever:16 - Retrieving Weather Data
2018-06-26 15:08:26 INFO  WeatherServlet:65 - Returning weather data for location  and country 
2018-06-26 15:09:00 INFO  WeatherServlet:46 - doGet()
2018-06-26 15:09:00 INFO  WeatherRetriever:16 - Retrieving Weather Data
2018-06-26 15:09:00 INFO  WeatherServlet:65 - Returning weather data for location  and country 
2018-06-26 15:09:08 INFO  WeatherServlet:46 - doGet()
2018-06-26 15:09:08 INFO  WeatherRetriever:16 - Retrieving Weather Data
2018-06-26 15:09:09 INFO  WeatherServlet:65 - Returning weather data for location  and country 
2018-06-26 15:11:38 INFO  WeatherServlet:46 - doGet()
2018-06-26 15:11:38 INFO  WeatherRetriever:16 - Retrieving Weather Data
2018-06-26 15:11:39 INFO  WeatherServlet:65 - Returning weather data for location  and country 
2018-06-26 15:12:41 INFO  WeatherServlet:46 - doGet()
2018-06-26 15:12:41 INFO  WeatherRetriever:16 - Retrieving Weather Data
2018-06-26 15:12:42 INFO  WeatherServlet:65 - Returning weather data for location  and country 
2018-06-26 15:13:08 INFO  WeatherServlet:46 - doGet()
2018-06-26 15:13:08 INFO  WeatherRetriever:16 - Retrieving Weather Data
2018-06-26 15:13:09 INFO  WeatherServlet:65 - Returning weather data for location  and country 
2018-06-26 15:15:09 INFO  WeatherServlet:46 - doGet()
2018-06-26 15:15:09 INFO  WeatherRetriever:16 - Retrieving Weather Data
2018-06-26 15:15:10 INFO  WeatherServlet:65 - Returning weather data for location stuttgart and country de
2018-06-26 15:15:55 INFO  WeatherServlet:46 - doGet()
2018-06-26 15:15:55 INFO  WeatherRetriever:16 - Retrieving Weather Data
2018-06-26 15:15:56 INFO  WeatherServlet:65 - Returning weather data for location stuttgart and country de
2018-06-26 15:16:42 INFO  WeatherServlet:46 - doGet()
2018-06-26 15:16:42 INFO  WeatherRetriever:16 - Retrieving Weather Data
2018-06-26 15:16:43 INFO  WeatherServlet:65 - Returning weather data for location  and country 
2018-06-26 15:18:32 INFO  WeatherServlet:41 - doGet()
2018-06-26 16:17:57 INFO  WeatherServlet:49 - doGet()
2018-06-26 16:17:59 INFO  WeatherServlet:49 - doGet()
2018-06-26 16:18:05 INFO  WeatherServlet:49 - doGet()
2018-06-26 16:18:05 INFO  WeatherRetriever:28 - Retrieving Weather Data
2018-06-26 16:18:06 INFO  WeatherServlet:69 - Returning weather data for location balingen and country de
2018-06-26 18:08:44 INFO  WeatherRetriever:33 - Retrieving Weather Data
2018-06-26 18:10:30 INFO  WeatherRetriever:33 - Retrieving Weather Data
2018-06-26 18:11:05 INFO  WeatherRetriever:33 - Retrieving Weather Data
2018-06-26 18:11:22 INFO  WeatherRetriever:33 - Retrieving Weather Data
2018-06-26 18:25:55 INFO  WeatherServlet:54 - doGet()
2018-06-26 18:25:55 ERROR WeatherServlet:79 - java.lang.NullPointerException
2018-06-26 18:28:16 INFO  WeatherServlet:54 - doGet()
2018-06-26 18:28:16 INFO  WeatherRetriever:33 - Retrieving Weather Data
2018-06-26 18:28:17 INFO  WeatherServlet:73 - Returning weather data for location balingen and country de
2018-06-26 18:28:17 INFO  WeatherServlet:54 - doGet()
2018-06-26 18:28:17 INFO  WeatherRetriever:33 - Retrieving Weather Data
2018-06-26 18:28:18 INFO  WeatherServlet:73 - Returning weather data for location balingen and country de
2018-06-26 18:28:18 INFO  WeatherServlet:54 - doGet()
2018-06-26 18:28:18 INFO  WeatherRetriever:33 - Retrieving Weather Data
2018-06-26 18:28:18 INFO  WeatherServlet:73 - Returning weather data for location balingen and country de
2018-06-26 18:28:19 INFO  WeatherServlet:54 - doGet()
2018-06-26 18:28:19 INFO  WeatherRetriever:33 - Retrieving Weather Data
2018-06-26 18:28:19 INFO  WeatherServlet:73 - Returning weather data for location balingen and country de
2018-06-26 18:28:19 INFO  WeatherServlet:54 - doGet()
2018-06-26 18:28:19 INFO  WeatherRetriever:33 - Retrieving Weather Data
2018-06-26 18:28:20 INFO  WeatherServlet:73 - Returning weather data for location balingen and country de
2018-06-26 18:29:13 INFO  WeatherServlet:54 - doGet()
2018-06-26 18:29:13 ERROR WeatherServlet:79 - java.lang.NullPointerException
2018-06-26 18:30:23 INFO  WeatherServlet:56 - doGet()
2018-06-26 18:30:23 ERROR WeatherServlet:81 - java.lang.NullPointerException
2018-06-26 18:35:50 INFO  WeatherServlet:56 - doGet()
2018-06-26 18:35:50 ERROR WeatherServlet:81 - java.lang.NullPointerException
2018-06-26 18:40:47 INFO  WeatherRetriever:33 - Retrieving Weather Data
2018-06-26 18:44:38 INFO  WeatherServlet:56 - doGet()
2018-06-26 18:44:38 INFO  WeatherRetriever:33 - Retrieving Weather Data
2018-06-26 18:44:39 INFO  WeatherServlet:75 - Returning weather data for location Albstadt and country de
2018-06-26 18:45:40 INFO  WeatherServlet:56 - doGet()
2018-06-26 18:45:40 INFO  WeatherRetriever:33 - Retrieving Weather Data
2018-06-26 18:45:41 INFO  WeatherServlet:75 - Returning weather data for location Albstadt and country de
2018-06-26 18:46:17 INFO  WeatherServlet:56 - doGet()
2018-06-26 18:46:17 INFO  WeatherRetriever:33 - Retrieving Weather Data
2018-06-26 18:46:18 INFO  WeatherServlet:75 - Returning weather data for location Albstadt and country de
2018-06-26 18:46:54 INFO  WeatherServlet:56 - doGet()
2018-06-26 18:46:54 INFO  WeatherRetriever:33 - Retrieving Weather Data
2018-06-26 18:46:55 INFO  WeatherServlet:75 - Returning weather data for location Bitz and country de
2018-06-26 18:48:23 INFO  WeatherServlet:56 - doGet()
2018-06-26 18:48:23 INFO  WeatherServlet:56 - doGet()
2018-06-26 18:48:23 INFO  WeatherRetriever:33 - Retrieving Weather Data
2018-06-26 18:48:24 INFO  WeatherServlet:75 - Returning weather data for location Bitz and country de
2018-06-26 18:48:49 INFO  WeatherServlet:56 - doGet()
2018-06-26 18:51:47 INFO  WeatherServlet:56 - doGet()
2018-06-26 18:51:47 INFO  WeatherRetriever:33 - Retrieving Weather Data
2018-06-26 18:51:48 INFO  WeatherServlet:75 - Returning weather data for location balingen and country de
2018-06-26 18:51:49 INFO  WeatherServlet:56 - doGet()
2018-06-26 18:51:49 INFO  WeatherRetriever:33 - Retrieving Weather Data
2018-06-26 18:51:49 INFO  WeatherServlet:75 - Returning weather data for location balingen and country 
2018-06-26 18:52:01 INFO  WeatherServlet:56 - doGet()
2018-06-26 18:52:06 INFO  WeatherServlet:56 - doGet()
2018-06-26 18:52:06 INFO  WeatherRetriever:33 - Retrieving Weather Data
2018-06-26 18:52:07 INFO  WeatherServlet:75 - Returning weather data for location balingen and country 
2018-06-26 18:53:10 INFO  WeatherServlet:56 - doGet()
2018-06-26 18:53:10 INFO  WeatherRetriever:33 - Retrieving Weather Data
2018-06-26 18:53:11 INFO  WeatherServlet:77 - Returning weather data for location balingen and country de
2018-06-26 18:53:13 INFO  WeatherServlet:56 - doGet()
2018-06-26 18:53:13 INFO  WeatherRetriever:33 - Retrieving Weather Data
2018-06-26 18:53:13 INFO  WeatherServlet:77 - Returning weather data for location balingen and country 
2018-06-26 18:53:24 INFO  WeatherServlet:56 - doGet()
2018-06-26 18:53:24 INFO  WeatherRetriever:33 - Retrieving Weather Data
2018-06-26 18:53:25 INFO  WeatherServlet:77 - Returning weather data for location balingen and country 
2018-06-26 18:53:28 INFO  WeatherServlet:56 - doGet()
2018-06-26 18:53:28 INFO  WeatherRetriever:33 - Retrieving Weather Data
2018-06-26 18:53:28 INFO  WeatherServlet:77 - Returning weather data for location balingen and country 
2018-06-26 18:53:30 INFO  WeatherServlet:56 - doGet()
2018-06-26 18:53:38 INFO  WeatherServlet:56 - doGet()
2018-06-26 18:53:38 INFO  WeatherRetriever:33 - Retrieving Weather Data
2018-06-26 18:53:38 INFO  WeatherServlet:77 - Returning weather data for location balingen and country 
2018-06-26 18:56:48 INFO  WeatherServlet:56 - doGet()
2018-06-26 18:56:48 INFO  WeatherServlet:56 - doGet()
2018-06-26 18:56:48 INFO  WeatherServlet:56 - doGet()
2018-06-26 18:56:48 INFO  WeatherRetriever:33 - Retrieving Weather Data
2018-06-26 18:56:48 INFO  WeatherRetriever:33 - Retrieving Weather Data
2018-06-26 18:56:48 INFO  WeatherRetriever:33 - Retrieving Weather Data
2018-06-26 18:56:49 INFO  WeatherServlet:74 - Returning weather data for location balingen and country de
2018-06-26 18:56:49 INFO  WeatherServlet:74 - Returning weather data for location balingen and country de
2018-06-26 18:56:49 INFO  WeatherServlet:74 - Returning weather data for location balingen and country de
2018-06-26 18:57:51 INFO  WeatherServlet:56 - doGet()
2018-06-26 18:57:51 INFO  WeatherRetriever:33 - Retrieving Weather Data
2018-06-26 18:57:52 INFO  WeatherServlet:74 - Returning weather data for location balingen and country de
2018-06-26 18:57:57 INFO  WeatherServlet:56 - doGet()
2018-06-26 18:57:57 INFO  WeatherRetriever:33 - Retrieving Weather Data
2018-06-26 18:57:57 INFO  WeatherServlet:74 - Returning weather data for location balingen and country 
2018-06-26 18:58:23 INFO  WeatherServlet:56 - doGet()
2018-06-26 18:58:27 INFO  WeatherServlet:56 - doGet()
2018-06-26 18:58:27 INFO  WeatherRetriever:33 - Retrieving Weather Data
2018-06-26 18:58:28 INFO  WeatherServlet:74 - Returning weather data for location balingen and country de
2018-06-26 18:58:30 INFO  WeatherServlet:56 - doGet()
2018-06-26 18:58:34 INFO  WeatherServlet:56 - doGet()
2018-06-26 18:58:34 INFO  WeatherRetriever:33 - Retrieving Weather Data
2018-06-26 18:58:35 INFO  WeatherServlet:74 - Returning weather data for location balingen and country de
2018-06-26 18:59:46 INFO  WeatherServlet:56 - doGet()
2018-06-26 18:59:46 INFO  WeatherRetriever:33 - Retrieving Weather Data
2018-06-26 18:59:47 INFO  WeatherServlet:74 - Returning weather data for location balingen and country de
2018-06-26 19:00:22 INFO  WeatherServlet:56 - doGet()
2018-06-26 19:00:22 INFO  WeatherRetriever:33 - Retrieving Weather Data
2018-06-26 19:00:22 INFO  WeatherServlet:74 - Returning weather data for location balingen and country de
2018-06-26 19:00:25 INFO  WeatherServlet:56 - doGet()
2018-06-26 19:00:28 INFO  WeatherServlet:56 - doGet()
2018-06-26 19:00:28 INFO  WeatherRetriever:33 - Retrieving Weather Data
2018-06-26 19:00:29 INFO  WeatherServlet:74 - Returning weather data for location balingen and country de
2018-06-26 19:00:33 INFO  WeatherServlet:56 - doGet()
2018-06-26 19:00:33 INFO  WeatherRetriever:33 - Retrieving Weather Data
2018-06-26 19:00:33 INFO  WeatherServlet:74 - Returning weather data for location bitz and country de
2018-06-26 19:10:39 INFO  WeatherServlet:56 - doGet()
2018-06-26 19:10:39 INFO  WeatherRetriever:33 - Retrieving Weather Data
2018-06-26 19:10:40 INFO  WeatherServlet:74 - Returning weather data for location Bitz and country de
2018-06-26 19:16:24 INFO  WeatherServlet:54 - doGet()
2018-06-26 19:16:25 INFO  WeatherRetriever:33 - Retrieving Weather Data
2018-06-26 19:16:25 INFO  WeatherServlet:71 - Returning weather data for location stuttgart and country de
2018-06-26 19:16:48 INFO  WeatherServlet:54 - doGet()
2018-06-26 19:16:48 INFO  WeatherRetriever:33 - Retrieving Weather Data
2018-06-26 19:16:48 INFO  WeatherServlet:71 - Returning weather data for location stuttgart and country de
